<?xml version="1.0" encoding="UTF-8"?>
<!-- Generated by org.testng.reporters.JUnitReportReporter -->
<testsuite hostname="DESKTOP-KVS4D73" failures="0" tests="1" name="com.dezerv.testCases.ApplyforaccessTC_01" time="6.690" errors="0" timestamp="2021-12-27T20:50:28 IST" skipped="0">
  <testcase classname="com.dezerv.testCases.ApplyforaccessTC_01" name="Applyforaccess" time="6.690"/>
  <system-out/>
</testsuite> <!-- com.dezerv.testCases.ApplyforaccessTC_01 -->
